[8302, N]: SYSTEM_SERVER: warning: memory usage: 51 Meg
[8302, N]: -- begin new backtrace (innermost first) [PARTIAL] ----------
[8302, N]: NULL (0): ip = 0x7f7135377dc0 (0x24dc0), load module = /home/vinicius/local/hpctoolkit/lib/hpctoolkit/libhpcrun.so.0.0.0 | lip 
[8302, N]: NULL (0): ip = 0x7f71344fe4f1 (0x184f1), load module = /home/vinicius/local/papi/lib/libpapi.so.5.4.3.0 | lip 
[8302, N]: NULL (0): ip = 0x7f713450aad4 (0x24ad4), load module = /home/vinicius/local/papi/lib/libpapi.so.5.4.3.0 | lip 
[8302, N]: NULL (0): ip = 0x7f713513dacb (0xaacb), load module = /home/vinicius/local/hpctoolkit/lib/hpctoolkit/ext-libs/libmonitor.so.0.0.0 | lip 
[8302, N]: NULL (0): ip = 0x7f7134d9f4a0 (0x354a0), load module = /lib/x86_64-linux-gnu/libc-2.23.so | lip 
[8302, N]: -- end backtrace ------------------------------------

[8302, N]: -- begin new backtrace (innermost first) [PARTIAL] ----------
[8302, N]: NULL (0): ip = 0x7f713513d8e2 (0xa8e2), load module = /home/vinicius/local/hpctoolkit/lib/hpctoolkit/ext-libs/libmonitor.so.0.0.0 | lip 
[8302, N]: NULL (0): ip = 0x7f7134d9f4a0 (0x354a0), load module = /lib/x86_64-linux-gnu/libc-2.23.so | lip 
[8302, N]: -- end backtrace ------------------------------------

[8302, N]: -- begin new backtrace (innermost first) [PARTIAL] ----------
[8302, N]: NULL (0): ip = 0x7f713513d8e2 (0xa8e2), load module = /home/vinicius/local/hpctoolkit/lib/hpctoolkit/ext-libs/libmonitor.so.0.0.0 | lip 
[8302, N]: NULL (0): ip = 0x7f7134d9f4a0 (0x354a0), load module = /lib/x86_64-linux-gnu/libc-2.23.so | lip 
[8302, N]: -- end backtrace ------------------------------------

[8302, N]: -- begin new backtrace (innermost first) [PARTIAL] ----------
[8302, N]: NULL (0): ip = 0x7f713513d8e2 (0xa8e2), load module = /home/vinicius/local/hpctoolkit/lib/hpctoolkit/ext-libs/libmonitor.so.0.0.0 | lip 
[8302, N]: NULL (0): ip = 0x7f7134d9f4a0 (0x354a0), load module = /lib/x86_64-linux-gnu/libc-2.23.so | lip 
[8302, N]: -- end backtrace ------------------------------------

[8302, N]: -- begin new backtrace (innermost first) [PARTIAL] ----------
[8302, N]: NULL (0): ip = 0x7f713513d8e2 (0xa8e2), load module = /home/vinicius/local/hpctoolkit/lib/hpctoolkit/ext-libs/libmonitor.so.0.0.0 | lip 
[8302, N]: NULL (0): ip = 0x7f7134d9f4a0 (0x354a0), load module = /lib/x86_64-linux-gnu/libc-2.23.so | lip 
[8302, N]: -- end backtrace ------------------------------------

[8302, N]: -- begin new backtrace (innermost first) [PARTIAL] ----------
[8302, N]: NULL (0): ip = 0x7f7134e66687 (0xfc687), load module = /lib/x86_64-linux-gnu/libc-2.23.so | lip 
[8302, N]: NULL (0): ip = 0x7f713450aae9 (0x24ae9), load module = /home/vinicius/local/papi/lib/libpapi.so.5.4.3.0 | lip 
[8302, N]: NULL (0): ip = 0x7f713513dacb (0xaacb), load module = /home/vinicius/local/hpctoolkit/lib/hpctoolkit/ext-libs/libmonitor.so.0.0.0 | lip 
[8302, N]: NULL (0): ip = 0x7f7134d9f4a0 (0x354a0), load module = /lib/x86_64-linux-gnu/libc-2.23.so | lip 
[8302, N]: -- end backtrace ------------------------------------

[8302, N]: -- begin new backtrace (innermost first) [PARTIAL] ----------
[8302, N]: NULL (0): ip = 0x7f713513d8e2 (0xa8e2), load module = /home/vinicius/local/hpctoolkit/lib/hpctoolkit/ext-libs/libmonitor.so.0.0.0 | lip 
[8302, N]: NULL (0): ip = 0x7f7134d9f4a0 (0x354a0), load module = /lib/x86_64-linux-gnu/libc-2.23.so | lip 
[8302, N]: -- end backtrace ------------------------------------

MEMORY: segment size: 4.0 meg, num segments: 1, total allocation: 4.0 meg, reclaims: 0
MEMORY: total freeable: 0.0 meg, total non-freeable: 0.0 meg, malloc failures: 0
SAMPLE ANOMALIES: blocks: 4 (async: 4, dlopen: 0), errors: 7 (segv: 0, soft: 7)
SUMMARY: samples: 4744 (recorded: 4740, blocked: 4, errant: 7, trolled: 0, yielded: 0),
         frames: 9599 (trolled: 0)
         intervals: 148 (suspicious: 0)
